# JRE version: OpenJDK Runtime Environment (8.0_222-b10) (build 1.8.0_222-4-redhat-b10)
# Java VM: OpenJDK 64-Bit Server VM (25.222-b10 mixed mode windows-amd64 compressed oops)
Heap:
 PSYoungGen      total 139264K, used 25973K [0x00000000f5580000, 0x00000000ff800000, 0x0000000100000000)
  eden space 128512K, 20% used [0x00000000f5580000,0x00000000f6edd538,0x00000000fd300000)
  from space 10752K, 0% used [0x00000000fd300000,0x00000000fd300000,0x00000000fdd80000)
  to   space 12800K, 0% used [0x00000000feb80000,0x00000000feb80000,0x00000000ff800000)
 ParOldGen       total 181248K, used 17317K [0x00000000e0000000, 0x00000000eb100000, 0x00000000f5580000)
  object space 181248K, 9% used [0x00000000e0000000,0x00000000e10e9438,0x00000000eb100000)
 Metaspace       used 36010K, capacity 36598K, committed 36864K, reserved 1081344K
  class space    used 4660K, capacity 4823K, committed 4864K, reserved 1048576K
GC Heap History (14 events):
Event: 0.595 GC heap before
{Heap before GC invocations=1 (full 0):
 PSYoungGen      total 75776K, used 65024K [0x00000000f5580000, 0x00000000faa00000, 0x0000000100000000)
  eden space 65024K, 100% used [0x00000000f5580000,0x00000000f9500000,0x00000000f9500000)
  from space 10752K, 0% used [0x00000000f9f80000,0x00000000f9f80000,0x00000000faa00000)
  to   space 10752K, 0% used [0x00000000f9500000,0x00000000f9500000,0x00000000f9f80000)
 ParOldGen       total 173568K, used 0K [0x00000000e0000000, 0x00000000ea980000, 0x00000000f5580000)
  object space 173568K, 0% used [0x00000000e0000000,0x00000000e0000000,0x00000000ea980000)
 Metaspace       used 8857K, capacity 9142K, committed 9344K, reserved 1056768K
  class space    used 1027K, capacity 1113K, committed 1152K, reserved 1048576K
Event: 0.599 GC heap after
Heap after GC invocations=1 (full 0):
 PSYoungGen      total 75776K, used 6798K [0x00000000f5580000, 0x00000000faa00000, 0x0000000100000000)
  eden space 65024K, 0% used [0x00000000f5580000,0x00000000f5580000,0x00000000f9500000)
  from space 10752K, 63% used [0x00000000f9500000,0x00000000f9ba3bf8,0x00000000f9f80000)
  to   space 10752K, 0% used [0x00000000f9f80000,0x00000000f9f80000,0x00000000faa00000)
 ParOldGen       total 173568K, used 8K [0x00000000e0000000, 0x00000000ea980000, 0x00000000f5580000)
  object space 173568K, 0% used [0x00000000e0000000,0x00000000e0002000,0x00000000ea980000)
 Metaspace       used 8857K, capacity 9142K, committed 9344K, reserved 1056768K
  class space    used 1027K, capacity 1113K, committed 1152K, reserved 1048576K
}
Event: 1.435 GC heap before
{Heap before GC invocations=2 (full 0):
 PSYoungGen      total 75776K, used 71822K [0x00000000f5580000, 0x00000000faa00000, 0x0000000100000000)
  eden space 65024K, 100% used [0x00000000f5580000,0x00000000f9500000,0x00000000f9500000)
  from space 10752K, 63% used [0x00000000f9500000,0x00000000f9ba3bf8,0x00000000f9f80000)
  to   space 10752K, 0% used [0x00000000f9f80000,0x00000000f9f80000,0x00000000faa00000)
 ParOldGen       total 173568K, used 8K [0x00000000e0000000, 0x00000000ea980000, 0x00000000f5580000)
  object space 173568K, 0% used [0x00000000e0000000,0x00000000e0002000,0x00000000ea980000)
 Metaspace       used 15815K, capacity 16202K, committed 16384K, reserved 1062912K
  class space    used 2115K, capacity 2252K, committed 2304K, reserved 1048576K
Event: 1.442 GC heap after
Heap after GC invocations=2 (full 0):
 PSYoungGen      total 75776K, used 10006K [0x00000000f5580000, 0x00000000faa00000, 0x0000000100000000)
  eden space 65024K, 0% used [0x00000000f5580000,0x00000000f5580000,0x00000000f9500000)
  from space 10752K, 93% used [0x00000000f9f80000,0x00000000fa945b30,0x00000000faa00000)
  to   space 10752K, 0% used [0x00000000f9500000,0x00000000f9500000,0x00000000f9f80000)
 ParOldGen       total 173568K, used 24K [0x00000000e0000000, 0x00000000ea980000, 0x00000000f5580000)
  object space 173568K, 0% used [0x00000000e0000000,0x00000000e0006000,0x00000000ea980000)
 Metaspace       used 15815K, capacity 16202K, committed 16384K, reserved 1062912K
  class space    used 2115K, capacity 2252K, committed 2304K, reserved 1048576K
}
Event: 1.837 GC heap before
{Heap before GC invocations=3 (full 0):
 PSYoungGen      total 75776K, used 54993K [0x00000000f5580000, 0x00000000faa00000, 0x0000000100000000)
  eden space 65024K, 69% used [0x00000000f5580000,0x00000000f816eae8,0x00000000f9500000)
  from space 10752K, 93% used [0x00000000f9f80000,0x00000000fa945b30,0x00000000faa00000)
  to   space 10752K, 0% used [0x00000000f9500000,0x00000000f9500000,0x00000000f9f80000)
 ParOldGen       total 173568K, used 24K [0x00000000e0000000, 0x00000000ea980000, 0x00000000f5580000)
  object space 173568K, 0% used [0x00000000e0000000,0x00000000e0006000,0x00000000ea980000)
 Metaspace       used 20751K, capacity 21214K, committed 21296K, reserved 1067008K
  class space    used 2802K, capacity 2939K, committed 2944K, reserved 1048576K
Event: 1.845 GC heap after
Heap after GC invocations=3 (full 0):
 PSYoungGen      total 75776K, used 10625K [0x00000000f5580000, 0x00000000fe980000, 0x0000000100000000)
  eden space 65024K, 0% used [0x00000000f5580000,0x00000000f5580000,0x00000000f9500000)
  from space 10752K, 98% used [0x00000000f9500000,0x00000000f9f60400,0x00000000f9f80000)
  to   space 10752K, 0% used [0x00000000fdf00000,0x00000000fdf00000,0x00000000fe980000)
 ParOldGen       total 173568K, used 32K [0x00000000e0000000, 0x00000000ea980000, 0x00000000f5580000)
  object space 173568K, 0% used [0x00000000e0000000,0x00000000e0008000,0x00000000ea980000)
 Metaspace       used 20751K, capacity 21214K, committed 21296K, reserved 1067008K
  class space    used 2802K, capacity 2939K, committed 2944K, reserved 1048576K
}
Event: 1.845 GC heap before
{Heap before GC invocations=4 (full 1):
 PSYoungGen      total 75776K, used 10625K [0x00000000f5580000, 0x00000000fe980000, 0x0000000100000000)
  eden space 65024K, 0% used [0x00000000f5580000,0x00000000f5580000,0x00000000f9500000)
  from space 10752K, 98% used [0x00000000f9500000,0x00000000f9f60400,0x00000000f9f80000)
  to   space 10752K, 0% used [0x00000000fdf00000,0x00000000fdf00000,0x00000000fe980000)
 ParOldGen       total 173568K, used 32K [0x00000000e0000000, 0x00000000ea980000, 0x00000000f5580000)
  object space 173568K, 0% used [0x00000000e0000000,0x00000000e0008000,0x00000000ea980000)
 Metaspace       used 20751K, capacity 21214K, committed 21296K, reserved 1067008K
  class space    used 2802K, capacity 2939K, committed 2944K, reserved 1048576K
Event: 1.869 GC heap after
Heap after GC invocations=4 (full 1):
 PSYoungGen      total 75776K, used 0K [0x00000000f5580000, 0x00000000fe980000, 0x0000000100000000)
  eden space 65024K, 0% used [0x00000000f5580000,0x00000000f5580000,0x00000000f9500000)
  from space 10752K, 0% used [0x00000000f9500000,0x00000000f9500000,0x00000000f9f80000)
  to   space 10752K, 0% used [0x00000000fdf00000,0x00000000fdf00000,0x00000000fe980000)
 ParOldGen       total 110080K, used 10278K [0x00000000e0000000, 0x00000000e6b80000, 0x00000000f5580000)
  object space 110080K, 9% used [0x00000000e0000000,0x00000000e0a09b88,0x00000000e6b80000)
 Metaspace       used 20751K, capacity 21214K, committed 21296K, reserved 1067008K
  class space    used 2802K, capacity 2939K, committed 2944K, reserved 1048576K
}
Event: 2.460 GC heap before
{Heap before GC invocations=5 (full 1):
 PSYoungGen      total 75776K, used 65024K [0x00000000f5580000, 0x00000000fe980000, 0x0000000100000000)
  eden space 65024K, 100% used [0x00000000f5580000,0x00000000f9500000,0x00000000f9500000)
  from space 10752K, 0% used [0x00000000f9500000,0x00000000f9500000,0x00000000f9f80000)
  to   space 10752K, 0% used [0x00000000fdf00000,0x00000000fdf00000,0x00000000fe980000)
 ParOldGen       total 110080K, used 10278K [0x00000000e0000000, 0x00000000e6b80000, 0x00000000f5580000)
  object space 110080K, 9% used [0x00000000e0000000,0x00000000e0a09b88,0x00000000e6b80000)
 Metaspace       used 29552K, capacity 29996K, committed 30336K, reserved 1075200K
  class space    used 3678K, capacity 3855K, committed 3968K, reserved 1048576K
Event: 2.466 GC heap after
Heap after GC invocations=5 (full 1):
 PSYoungGen      total 104448K, used 8819K [0x00000000f5580000, 0x00000000fe800000, 0x0000000100000000)
  eden space 95232K, 0% used [0x00000000f5580000,0x00000000f5580000,0x00000000fb280000)
  from space 9216K, 95% used [0x00000000fdf00000,0x00000000fe79ce40,0x00000000fe800000)
  to   space 10752K, 0% used [0x00000000fd300000,0x00000000fd300000,0x00000000fdd80000)
 ParOldGen       total 110080K, used 10286K [0x00000000e0000000, 0x00000000e6b80000, 0x00000000f5580000)
  object space 110080K, 9% used [0x00000000e0000000,0x00000000e0a0bb88,0x00000000e6b80000)
 Metaspace       used 29552K, capacity 29996K, committed 30336K, reserved 1075200K
  class space    used 3678K, capacity 3855K, committed 3968K, reserved 1048576K
}
Event: 3.125 GC heap before
{Heap before GC invocations=6 (full 1):
 PSYoungGen      total 104448K, used 89655K [0x00000000f5580000, 0x00000000fe800000, 0x0000000100000000)
  eden space 95232K, 84% used [0x00000000f5580000,0x00000000fa4710d0,0x00000000fb280000)
  from space 9216K, 95% used [0x00000000fdf00000,0x00000000fe79ce40,0x00000000fe800000)
  to   space 10752K, 0% used [0x00000000fd300000,0x00000000fd300000,0x00000000fdd80000)
 ParOldGen       total 110080K, used 10286K [0x00000000e0000000, 0x00000000e6b80000, 0x00000000f5580000)
  object space 110080K, 9% used [0x00000000e0000000,0x00000000e0a0bb88,0x00000000e6b80000)
 Metaspace       used 34641K, capacity 35166K, committed 35456K, reserved 1079296K
  class space    used 4427K, capacity 4632K, committed 4736K, reserved 1048576K
Event: 3.134 GC heap after
Heap after GC invocations=6 (full 1):
 PSYoungGen      total 139264K, used 10729K [0x00000000f5580000, 0x00000000ff800000, 0x0000000100000000)
  eden space 128512K, 0% used [0x00000000f5580000,0x00000000f5580000,0x00000000fd300000)
  from space 10752K, 99% used [0x00000000fd300000,0x00000000fdd7a728,0x00000000fdd80000)
  to   space 12800K, 0% used [0x00000000feb80000,0x00000000feb80000,0x00000000ff800000)
 ParOldGen       total 110080K, used 11103K [0x00000000e0000000, 0x00000000e6b80000, 0x00000000f5580000)
  object space 110080K, 10% used [0x00000000e0000000,0x00000000e0ad7fc0,0x00000000e6b80000)
 Metaspace       used 34641K, capacity 35166K, committed 35456K, reserved 1079296K
  class space    used 4427K, capacity 4632K, committed 4736K, reserved 1048576K
}
Event: 3.134 GC heap before
{Heap before GC invocations=7 (full 2):
 PSYoungGen      total 139264K, used 10729K [0x00000000f5580000, 0x00000000ff800000, 0x0000000100000000)
  eden space 128512K, 0% used [0x00000000f5580000,0x00000000f5580000,0x00000000fd300000)
  from space 10752K, 99% used [0x00000000fd300000,0x00000000fdd7a728,0x00000000fdd80000)
  to   space 12800K, 0% used [0x00000000feb80000,0x00000000feb80000,0x00000000ff800000)
 ParOldGen       total 110080K, used 11103K [0x00000000e0000000, 0x00000000e6b80000, 0x00000000f5580000)
  object space 110080K, 10% used [0x00000000e0000000,0x00000000e0ad7fc0,0x00000000e6b80000)
 Metaspace       used 34641K, capacity 35166K, committed 35456K, reserved 1079296K
  class space    used 4427K, capacity 4632K, committed 4736K, reserved 1048576K
Event: 3.171 GC heap after
Heap after GC invocations=7 (full 2):
 PSYoungGen      total 139264K, used 0K [0x00000000f5580000, 0x00000000ff800000, 0x0000000100000000)
  eden space 128512K, 0% used [0x00000000f5580000,0x00000000f5580000,0x00000000fd300000)
  from space 10752K, 0% used [0x00000000fd300000,0x00000000fd300000,0x00000000fdd80000)
  to   space 12800K, 0% used [0x00000000feb80000,0x00000000feb80000,0x00000000ff800000)
 ParOldGen       total 181248K, used 17317K [0x00000000e0000000, 0x00000000eb100000, 0x00000000f5580000)
  object space 181248K, 9% used [0x00000000e0000000,0x00000000e10e9438,0x00000000eb100000)
 Metaspace       used 34558K, capacity 35034K, committed 35456K, reserved 1079296K
  class space    used 4408K, capacity 4588K, committed 4736K, reserved 1048576K
}

